{"numFailedTestSuites":0,"numFailedTests":0,"numPassedTestSuites":6,"numPassedTests":18,"numPendingTestSuites":0,"numPendingTests":0,"numRuntimeErrorTestSuites":0,"numTodoTests":0,"numTotalTestSuites":6,"numTotalTests":18,"openHandles":[],"snapshot":{"added":0,"didUpdate":false,"failure":false,"filesAdded":0,"filesRemoved":0,"filesRemovedList":[],"filesUnmatched":0,"filesUpdated":0,"matched":0,"total":0,"unchecked":0,"uncheckedKeysByFile":[],"unmatched":0,"updated":0},"startTime":1767293443187,"success":true,"testResults":[{"assertionResults":[{"ancestorTitles":["Army Golden Path"],"duration":3,"failing":false,"failureDetails":[],"failureMessages":[],"fullName":"Army Golden Path Army initialization and add regiment","invocations":1,"location":null,"numPassingAsserts":5,"retryReasons":[],"startAt":1767293443364,"status":"passed","title":"Army initialization and add regiment"},{"ancestorTitles":["Army Golden Path"],"duration":0,"failing":false,"failureDetails":[],"failureMessages":[],"fullName":"Army Golden Path Multiple regiments added","invocations":1,"location":null,"numPassingAsserts":1,"retryReasons":[],"startAt":1767293443368,"status":"passed","title":"Multiple regiments added"}],"endTime":1767293443369,"message":"","name":"C:\\_git_repos\\civil_war_sim\\typescript\\tests\\imperial_generals\\Army.test.ts","startTime":1767293443238,"status":"passed","summary":""},{"assertionResults":[{"ancestorTitles":["Simulation Golden Path"],"duration":21,"failing":false,"failureDetails":[],"failureMessages":[],"fullName":"Simulation Golden Path Basic simulation: Regiment 1000 4/5/2/1 sq vs. Regiment 200 3/6/1/0 sq; short time","invocations":1,"location":null,"numPassingAsserts":5,"retryReasons":[],"startAt":1767293443401,"status":"passed","title":"Basic simulation: Regiment 1000 4/5/2/1 sq vs. Regiment 200 3/6/1/0 sq; short time"},{"ancestorTitles":["Simulation Golden Path"],"duration":2,"failing":false,"failureDetails":[],"failureMessages":[],"fullName":"Simulation Golden Path Battle ends on wipeout: both sides with 1 soldier, law ln, long time","invocations":1,"location":null,"numPassingAsserts":1,"retryReasons":[],"startAt":1767293443422,"status":"passed","title":"Battle ends on wipeout: both sides with 1 soldier, law ln, long time"}],"endTime":1767293443424,"message":"","name":"C:\\_git_repos\\civil_war_sim\\typescript\\tests\\imperial_generals\\Simulation.test.ts","startTime":1767293443374,"status":"passed","summary":""},{"assertionResults":[{"ancestorTitles":["Regiment golden tests"],"duration":1,"failing":false,"failureDetails":[],"failureMessages":[],"fullName":"Regiment golden tests Valid regiment, law ln","invocations":1,"location":null,"numPassingAsserts":3,"retryReasons":[],"startAt":1767293443501,"status":"passed","title":"Valid regiment, law ln"},{"ancestorTitles":["Regiment golden tests"],"duration":0,"failing":false,"failureDetails":[],"failureMessages":[],"fullName":"Regiment golden tests Valid regiment, law sq","invocations":1,"location":null,"numPassingAsserts":3,"retryReasons":[],"startAt":1767293443503,"status":"passed","title":"Valid regiment, law sq"},{"ancestorTitles":["Regiment golden tests"],"duration":5,"failing":false,"failureDetails":[],"failureMessages":[],"fullName":"Regiment golden tests Invalid law","invocations":1,"location":null,"numPassingAsserts":1,"retryReasons":[],"startAt":1767293443504,"status":"passed","title":"Invalid law"},{"ancestorTitles":["Regiment golden tests"],"duration":1,"failing":false,"failureDetails":[],"failureMessages":[],"fullName":"Regiment golden tests Invalid stats format: too few","invocations":1,"location":null,"numPassingAsserts":1,"retryReasons":[],"startAt":1767293443510,"status":"passed","title":"Invalid stats format: too few"}],"endTime":1767293443512,"message":"","name":"C:\\_git_repos\\civil_war_sim\\typescript\\tests\\imperial_generals\\Regiment.test.ts","startTime":1767293443469,"status":"passed","summary":""},{"assertionResults":[{"ancestorTitles":["InfantryRegiment Golden Path"],"duration":1,"failing":false,"failureDetails":[],"failureMessages":[],"fullName":"InfantryRegiment Golden Path Infantry regiment, basic values","invocations":1,"location":null,"numPassingAsserts":4,"retryReasons":[],"startAt":1767293443540,"status":"passed","title":"Infantry regiment, basic values"},{"ancestorTitles":["InfantryRegiment Golden Path"],"duration":2,"failing":false,"failureDetails":[],"failureMessages":[],"fullName":"InfantryRegiment Golden Path Update size only","invocations":1,"location":null,"numPassingAsserts":2,"retryReasons":[],"startAt":1767293443541,"status":"passed","title":"Update size only"},{"ancestorTitles":["InfantryRegiment Golden Path"],"duration":0,"failing":false,"failureDetails":[],"failureMessages":[],"fullName":"InfantryRegiment Golden Path Update stats after size","invocations":1,"location":null,"numPassingAsserts":1,"retryReasons":[],"startAt":1767293443544,"status":"passed","title":"Update stats after size"},{"ancestorTitles":["InfantryRegiment Golden Path"],"duration":0,"failing":false,"failureDetails":[],"failureMessages":[],"fullName":"InfantryRegiment Golden Path Update morale after size and stats","invocations":1,"location":null,"numPassingAsserts":2,"retryReasons":[],"startAt":1767293443545,"status":"passed","title":"Update morale after size and stats"}],"endTime":1767293443546,"message":"","name":"C:\\_git_repos\\civil_war_sim\\typescript\\tests\\imperial_generals\\InfantryRegiment.test.ts","startTime":1767293443515,"status":"passed","summary":""},{"assertionResults":[{"ancestorTitles":["getCombatEfficiency Golden Path"],"duration":0,"failing":false,"failureDetails":[],"failureMessages":[],"fullName":"getCombatEfficiency Golden Path Standard musket, average stats, ranged","invocations":1,"location":null,"numPassingAsserts":2,"retryReasons":[],"startAt":1767293443573,"status":"passed","title":"Standard musket, average stats, ranged"},{"ancestorTitles":["getCombatEfficiency Golden Path"],"duration":0,"failing":false,"failureDetails":[],"failureMessages":[],"fullName":"getCombatEfficiency Golden Path Minimum possible stats","invocations":1,"location":null,"numPassingAsserts":1,"retryReasons":[],"startAt":1767293443574,"status":"passed","title":"Minimum possible stats"},{"ancestorTitles":["getCombatEfficiency Golden Path"],"duration":2,"failing":false,"failureDetails":[],"failureMessages":[],"fullName":"getCombatEfficiency Golden Path Maximum possible stats","invocations":1,"location":null,"numPassingAsserts":1,"retryReasons":[],"startAt":1767293443575,"status":"passed","title":"Maximum possible stats"}],"endTime":1767293443579,"message":"","name":"C:\\_git_repos\\civil_war_sim\\typescript\\tests\\imperial_generals\\getCombatEfficiency.test.ts","startTime":1767293443553,"status":"passed","summary":""},{"assertionResults":[{"ancestorTitles":["getClosestMoraleStat Golden Path"],"duration":0,"failing":false,"failureDetails":[],"failureMessages":[],"fullName":"getClosestMoraleStat Golden Path Typical mapping for 95","invocations":1,"location":null,"numPassingAsserts":1,"retryReasons":[],"startAt":1767293443605,"status":"passed","title":"Typical mapping for 95"},{"ancestorTitles":["getClosestMoraleStat Golden Path"],"duration":0,"failing":false,"failureDetails":[],"failureMessages":[],"fullName":"getClosestMoraleStat Golden Path Boundary: 100 -> 10","invocations":1,"location":null,"numPassingAsserts":1,"retryReasons":[],"startAt":1767293443606,"status":"passed","title":"Boundary: 100 -> 10"},{"ancestorTitles":["getClosestMoraleStat Golden Path"],"duration":1,"failing":false,"failureDetails":[],"failureMessages":[],"fullName":"getClosestMoraleStat Golden Path Boundary: 0 -> 1","invocations":1,"location":null,"numPassingAsserts":1,"retryReasons":[],"startAt":1767293443606,"status":"passed","title":"Boundary: 0 -> 1"}],"endTime":1767293443608,"message":"","name":"C:\\_git_repos\\civil_war_sim\\typescript\\tests\\imperial_generals\\getClosestMoraleStat.test.ts","startTime":1767293443583,"status":"passed","summary":""}],"wasInterrupted":false}
